import os

# Caminho para o diretório de logs
PASTA_LOGS = '..\\logs\\execucao.log'

# Garantir que a pasta de logs exista
log_dir = os.path.dirname(PASTA_LOGS)
if not os.path.exists(log_dir):
    os.makedirs(log_dir)

# Agora o código para registrar no log pode ser executado
with open(PASTA_LOGS, 'a') as log:
    log.write('Mensagem de log\n')

2025-02-03 16:16:19.744875 - Erro ao carregar o arquivo exemplo.xlsx: [Errno 2] No such file or directory: '..\\dados\\entrada\\exemplo.xlsx'
2025-02-03 16:16:54.625107 - Arquivo exemplo.xlsm carregado com sucesso.
2025-02-03 16:16:57.285978 - Erro ao processar linha 1: 'Cell' object has no attribute 'formula'
2025-02-03 16:16:59.980694 - Erro ao processar linha 2: 'Cell' object has no attribute 'formula'
2025-02-03 16:17:02.783299 - Erro ao processar linha 3: 'Cell' object has no attribute 'formula'
2025-02-03 16:17:05.749555 - Erro ao processar linha 4: 'Cell' object has no attribute 'formula'
2025-02-03 16:17:08.710252 - Erro ao processar linha 5: 'Cell' object has no attribute 'formula'
2025-02-03 16:17:11.663687 - Erro ao processar linha 6: 'Cell' object has no attribute 'formula'
2025-02-03 16:17:14.277082 - Erro ao processar linha 7: 'Cell' object has no attribute 'formula'
2025-02-03 16:17:17.149584 - Erro ao processar linha 8: 'Cell' object has no attribute 'formula'
2025-02-03 16:17:20.241130 - Erro ao processar linha 9: 'Cell' object has no attribute 'formula'
2025-02-03 16:17:22.974748 - Erro ao processar linha 10: 'Cell' object has no attribute 'formula'
2025-02-03 16:17:26.049272 - Erro ao processar linha 11: 'Cell' object has no attribute 'formula'
2025-02-03 16:17:29.256904 - Erro ao processar linha 12: 'Cell' object has no attribute 'formula'
2025-02-03 16:17:32.284068 - Erro ao processar linha 13: 'Cell' object has no attribute 'formula'
2025-02-03 16:17:35.469522 - Erro ao processar linha 14: 'Cell' object has no attribute 'formula'
2025-02-03 16:17:38.328414 - Erro ao processar linha 15: 'Cell' object has no attribute 'formula'
2025-02-03 16:17:41.368709 - Erro ao processar linha 16: 'Cell' object has no attribute 'formula'
2025-02-03 16:17:44.360228 - Erro ao processar linha 17: 'Cell' object has no attribute 'formula'
2025-02-03 16:17:47.443982 - Erro ao processar linha 18: 'Cell' object has no attribute 'formula'
2025-02-03 16:17:50.465401 - Erro ao processar linha 19: 'Cell' object has no attribute 'formula'
2025-02-03 16:17:53.632131 - Erro ao processar linha 20: 'Cell' object has no attribute 'formula'
2025-02-03 16:19:28.505826 - Arquivo exemplo.xlsm carregado com sucesso.
2025-02-03 16:19:31.142748 - Erro ao processar linha 1: 'Cell' object has no attribute 'formula'
2025-02-03 16:19:33.848819 - Erro ao processar linha 2: 'Cell' object has no attribute 'formula'
2025-02-03 16:19:36.554046 - Erro ao processar linha 3: 'Cell' object has no attribute 'formula'
2025-02-03 16:44:43.202639 - Arquivo exemplo.xlsm carregado com sucesso.
2025-02-03 16:44:46.388464 - Arquivo salvo: MODELO_linha_1.xlsx
2025-02-03 16:44:49.559072 - Arquivo salvo: MODELO_linha_2.xlsx
2025-02-03 16:44:52.193724 - Arquivo salvo: MODELO_linha_3.xlsx
2025-02-03 16:44:55.245316 - Arquivo salvo: MODELO_linha_4.xlsx
2025-02-03 16:44:58.010111 - Arquivo salvo: MODELO_linha_5.xlsx
2025-02-03 16:45:01.517584 - Arquivo salvo: MODELO_linha_6.xlsx
2025-02-03 16:45:05.278078 - Arquivo salvo: MODELO_linha_7.xlsx
2025-02-03 16:45:08.288478 - Arquivo salvo: MODELO_linha_8.xlsx
2025-02-03 16:45:11.079587 - Arquivo salvo: MODELO_linha_9.xlsx
2025-02-03 16:45:13.843302 - Arquivo salvo: MODELO_linha_10.xlsx
2025-02-03 16:45:16.779825 - Arquivo salvo: MODELO_linha_11.xlsx
2025-02-03 16:45:19.710917 - Arquivo salvo: MODELO_linha_12.xlsx
2025-02-03 16:45:22.488105 - Arquivo salvo: MODELO_linha_13.xlsx
2025-02-03 16:45:26.276418 - Arquivo salvo: MODELO_linha_14.xlsx
2025-02-03 16:45:29.315941 - Arquivo salvo: MODELO_linha_15.xlsx
2025-02-03 16:45:32.320445 - Arquivo salvo: MODELO_linha_16.xlsx
2025-02-03 16:45:35.380084 - Arquivo salvo: MODELO_linha_17.xlsx
